<?xml version="1.0" encoding="UTF-8"?>
<testsuite xmlns:xsi="http://www.w3.org/2001/XMLSchema-instance" xsi:noNamespaceSchemaLocation="https://maven.apache.org/surefire/maven-surefire-plugin/xsd/surefire-test-report.xsd" name="cn.nzxxx.predict.PredictApplicationTests" time="7.847" tests="1" errors="0" skipped="0" failures="0">
  <properties>
    <property name="sun.desktop" value="windows"/>
    <property name="awt.toolkit" value="sun.awt.windows.WToolkit"/>
    <property name="file.encoding.pkg" value="sun.io"/>
    <property name="java.specification.version" value="1.8"/>
    <property name="sun.cpu.isalist" value="amd64"/>
    <property name="sun.jnu.encoding" value="GBK"/>
    <property name="java.class.path" value="D:\SpringCloud\predict\target\test-classes;D:\SpringCloud\predict\target\classes;d:\server\MavenRepository\maven_jar\org\springframework\boot\spring-boot-starter\2.0.6.RELEASE\spring-boot-starter-2.0.6.RELEASE.jar;d:\server\MavenRepository\maven_jar\org\springframework\boot\spring-boot\2.0.6.RELEASE\spring-boot-2.0.6.RELEASE.jar;d:\server\MavenRepository\maven_jar\org\springframework\boot\spring-boot-autoconfigure\2.0.6.RELEASE\spring-boot-autoconfigure-2.0.6.RELEASE.jar;d:\server\MavenRepository\maven_jar\javax\annotation\javax.annotation-api\1.3.2\javax.annotation-api-1.3.2.jar;d:\server\MavenRepository\maven_jar\org\springframework\spring-core\5.1.1.RELEASE\spring-core-5.1.1.RELEASE.jar;d:\server\MavenRepository\maven_jar\org\springframework\spring-jcl\5.1.1.RELEASE\spring-jcl-5.1.1.RELEASE.jar;d:\server\MavenRepository\maven_jar\org\yaml\snakeyaml\1.19\snakeyaml-1.19.jar;d:\server\MavenRepository\maven_jar\org\springframework\boot\spring-boot-starter-web\2.0.6.RELEASE\spring-boot-starter-web-2.0.6.RELEASE.jar;d:\server\MavenRepository\maven_jar\org\springframework\boot\spring-boot-starter-json\2.0.6.RELEASE\spring-boot-starter-json-2.0.6.RELEASE.jar;d:\server\MavenRepository\maven_jar\com\fasterxml\jackson\datatype\jackson-datatype-jdk8\2.9.8\jackson-datatype-jdk8-2.9.8.jar;d:\server\MavenRepository\maven_jar\com\fasterxml\jackson\datatype\jackson-datatype-jsr310\2.9.8\jackson-datatype-jsr310-2.9.8.jar;d:\server\MavenRepository\maven_jar\com\fasterxml\jackson\module\jackson-module-parameter-names\2.9.8\jackson-module-parameter-names-2.9.8.jar;d:\server\MavenRepository\maven_jar\org\springframework\boot\spring-boot-starter-tomcat\2.0.6.RELEASE\spring-boot-starter-tomcat-2.0.6.RELEASE.jar;d:\server\MavenRepository\maven_jar\org\apache\tomcat\embed\tomcat-embed-core\8.5.34\tomcat-embed-core-8.5.34.jar;d:\server\MavenRepository\maven_jar\org\apache\tomcat\embed\tomcat-embed-el\8.5.34\tomcat-embed-el-8.5.34.jar;d:\server\MavenRepository\maven_jar\org\apache\tomcat\embed\tomcat-embed-websocket\8.5.34\tomcat-embed-websocket-8.5.34.jar;d:\server\MavenRepository\maven_jar\org\hibernate\validator\hibernate-validator\6.0.13.Final\hibernate-validator-6.0.13.Final.jar;d:\server\MavenRepository\maven_jar\javax\validation\validation-api\2.0.1.Final\validation-api-2.0.1.Final.jar;d:\server\MavenRepository\maven_jar\org\jboss\logging\jboss-logging\3.3.2.Final\jboss-logging-3.3.2.Final.jar;d:\server\MavenRepository\maven_jar\com\fasterxml\classmate\1.3.4\classmate-1.3.4.jar;d:\server\MavenRepository\maven_jar\org\springframework\boot\spring-boot-starter-test\2.0.6.RELEASE\spring-boot-starter-test-2.0.6.RELEASE.jar;d:\server\MavenRepository\maven_jar\org\springframework\boot\spring-boot-test\2.0.6.RELEASE\spring-boot-test-2.0.6.RELEASE.jar;d:\server\MavenRepository\maven_jar\org\springframework\boot\spring-boot-test-autoconfigure\2.0.6.RELEASE\spring-boot-test-autoconfigure-2.0.6.RELEASE.jar;d:\server\MavenRepository\maven_jar\com\jayway\jsonpath\json-path\2.4.0\json-path-2.4.0.jar;d:\server\MavenRepository\maven_jar\net\minidev\json-smart\2.3\json-smart-2.3.jar;d:\server\MavenRepository\maven_jar\net\minidev\accessors-smart\1.2\accessors-smart-1.2.jar;d:\server\MavenRepository\maven_jar\org\ow2\asm\asm\5.0.4\asm-5.0.4.jar;d:\server\MavenRepository\maven_jar\org\assertj\assertj-core\3.9.1\assertj-core-3.9.1.jar;d:\server\MavenRepository\maven_jar\org\mockito\mockito-core\2.15.0\mockito-core-2.15.0.jar;d:\server\MavenRepository\maven_jar\net\bytebuddy\byte-buddy\1.7.11\byte-buddy-1.7.11.jar;d:\server\MavenRepository\maven_jar\net\bytebuddy\byte-buddy-agent\1.7.11\byte-buddy-agent-1.7.11.jar;d:\server\MavenRepository\maven_jar\org\objenesis\objenesis\2.6\objenesis-2.6.jar;d:\server\MavenRepository\maven_jar\org\hamcrest\hamcrest-core\1.3\hamcrest-core-1.3.jar;d:\server\MavenRepository\maven_jar\org\hamcrest\hamcrest-library\1.3\hamcrest-library-1.3.jar;d:\server\MavenRepository\maven_jar\org\skyscreamer\jsonassert\1.5.0\jsonassert-1.5.0.jar;d:\server\MavenRepository\maven_jar\com\vaadin\external\google\android-json\0.0.20131108.vaadin1\android-json-0.0.20131108.vaadin1.jar;d:\server\MavenRepository\maven_jar\org\springframework\spring-test\5.1.1.RELEASE\spring-test-5.1.1.RELEASE.jar;d:\server\MavenRepository\maven_jar\org\xmlunit\xmlunit-core\2.5.1\xmlunit-core-2.5.1.jar;d:\server\MavenRepository\maven_jar\org\springframework\boot\spring-boot-starter-freemarker\2.0.6.RELEASE\spring-boot-starter-freemarker-2.0.6.RELEASE.jar;d:\server\MavenRepository\maven_jar\org\freemarker\freemarker\2.3.28\freemarker-2.3.28.jar;d:\server\MavenRepository\maven_jar\technology\tabula\tabula\1.0.4\tabula-1.0.4.jar;d:\server\MavenRepository\maven_jar\org\locationtech\jts\jts-core\1.17.0\jts-core-1.17.0.jar;d:\server\MavenRepository\maven_jar\org\slf4j\slf4j-api\1.7.25\slf4j-api-1.7.25.jar;d:\server\MavenRepository\maven_jar\org\apache\pdfbox\pdfbox\2.0.21\pdfbox-2.0.21.jar;d:\server\MavenRepository\maven_jar\org\apache\pdfbox\fontbox\2.0.21\fontbox-2.0.21.jar;d:\server\MavenRepository\maven_jar\org\bouncycastle\bcprov-jdk15on\1.66\bcprov-jdk15on-1.66.jar;d:\server\MavenRepository\maven_jar\org\bouncycastle\bcmail-jdk15on\1.66\bcmail-jdk15on-1.66.jar;d:\server\MavenRepository\maven_jar\org\bouncycastle\bcpkix-jdk15on\1.66\bcpkix-jdk15on-1.66.jar;d:\server\MavenRepository\maven_jar\commons-cli\commons-cli\1.4\commons-cli-1.4.jar;d:\server\MavenRepository\maven_jar\org\apache\commons\commons-csv\1.8\commons-csv-1.8.jar;d:\server\MavenRepository\maven_jar\com\google\code\gson\gson\2.8.5\gson-2.8.5.jar;d:\server\MavenRepository\maven_jar\com\github\jai-imageio\jai-imageio-core\1.4.0\jai-imageio-core-1.4.0.jar;d:\server\MavenRepository\maven_jar\com\github\jai-imageio\jai-imageio-jpeg2000\1.3.0\jai-imageio-jpeg2000-1.3.0.jar;d:\server\MavenRepository\maven_jar\org\apache\pdfbox\jbig2-imageio\3.0.3\jbig2-imageio-3.0.3.jar;d:\server\MavenRepository\maven_jar\mysql\mysql-connector-java\8.0.13\mysql-connector-java-8.0.13.jar;d:\server\MavenRepository\maven_jar\com\google\protobuf\protobuf-java\3.6.1\protobuf-java-3.6.1.jar;d:\server\MavenRepository\maven_jar\org\springframework\boot\spring-boot-starter-jdbc\2.0.6.RELEASE\spring-boot-starter-jdbc-2.0.6.RELEASE.jar;d:\server\MavenRepository\maven_jar\com\zaxxer\HikariCP\2.7.9\HikariCP-2.7.9.jar;d:\server\MavenRepository\maven_jar\org\springframework\boot\spring-boot-starter-log4j2\2.1.5.RELEASE\spring-boot-starter-log4j2-2.1.5.RELEASE.jar;d:\server\MavenRepository\maven_jar\org\apache\logging\log4j\log4j-slf4j-impl\2.10.0\log4j-slf4j-impl-2.10.0.jar;d:\server\MavenRepository\maven_jar\org\apache\logging\log4j\log4j-api\2.10.0\log4j-api-2.10.0.jar;d:\server\MavenRepository\maven_jar\org\apache\logging\log4j\log4j-core\2.10.0\log4j-core-2.10.0.jar;d:\server\MavenRepository\maven_jar\org\apache\logging\log4j\log4j-jul\2.10.0\log4j-jul-2.10.0.jar;d:\server\MavenRepository\maven_jar\org\slf4j\jul-to-slf4j\1.7.25\jul-to-slf4j-1.7.25.jar;d:\server\MavenRepository\maven_jar\org\springframework\spring-context\5.1.1.RELEASE\spring-context-5.1.1.RELEASE.jar;d:\server\MavenRepository\maven_jar\org\springframework\spring-aop\5.1.1.RELEASE\spring-aop-5.1.1.RELEASE.jar;d:\server\MavenRepository\maven_jar\org\springframework\spring-expression\5.1.1.RELEASE\spring-expression-5.1.1.RELEASE.jar;d:\server\MavenRepository\maven_jar\org\springframework\spring-beans\5.1.1.RELEASE\spring-beans-5.1.1.RELEASE.jar;d:\server\MavenRepository\maven_jar\org\springframework\spring-webmvc\5.1.1.RELEASE\spring-webmvc-5.1.1.RELEASE.jar;d:\server\MavenRepository\maven_jar\org\springframework\spring-jdbc\5.1.1.RELEASE\spring-jdbc-5.1.1.RELEASE.jar;d:\server\MavenRepository\maven_jar\org\springframework\spring-tx\5.1.1.RELEASE\spring-tx-5.1.1.RELEASE.jar;d:\server\MavenRepository\maven_jar\org\springframework\spring-aspects\5.1.1.RELEASE\spring-aspects-5.1.1.RELEASE.jar;d:\server\MavenRepository\maven_jar\org\aspectj\aspectjweaver\1.8.13\aspectjweaver-1.8.13.jar;d:\server\MavenRepository\maven_jar\org\springframework\spring-context-support\5.1.1.RELEASE\spring-context-support-5.1.1.RELEASE.jar;d:\server\MavenRepository\maven_jar\org\springframework\spring-web\5.1.1.RELEASE\spring-web-5.1.1.RELEASE.jar;d:\server\MavenRepository\maven_jar\junit\junit\4.13-beta-2\junit-4.13-beta-2.jar;d:\server\MavenRepository\maven_jar\jstl\jstl\1.2\jstl-1.2.jar;d:\server\MavenRepository\maven_jar\javax\servlet\servlet-api\3.0-alpha-1\servlet-api-3.0-alpha-1.jar;d:\server\MavenRepository\maven_jar\javax\servlet\jsp-api\2.0\jsp-api-2.0.jar;d:\server\MavenRepository\maven_jar\com\fasterxml\jackson\core\jackson-databind\2.9.8\jackson-databind-2.9.8.jar;d:\server\MavenRepository\maven_jar\com\fasterxml\jackson\core\jackson-annotations\2.9.0\jackson-annotations-2.9.0.jar;d:\server\MavenRepository\maven_jar\com\fasterxml\jackson\core\jackson-core\2.9.8\jackson-core-2.9.8.jar;d:\server\MavenRepository\maven_jar\net\sf\json-lib\json-lib\2.4\json-lib-2.4-jdk15.jar;d:\server\MavenRepository\maven_jar\commons-beanutils\commons-beanutils\1.8.0\commons-beanutils-1.8.0.jar;d:\server\MavenRepository\maven_jar\commons-collections\commons-collections\3.2.1\commons-collections-3.2.1.jar;d:\server\MavenRepository\maven_jar\commons-logging\commons-logging\1.1.1\commons-logging-1.1.1.jar;d:\server\MavenRepository\maven_jar\net\sf\ezmorph\ezmorph\1.0.6\ezmorph-1.0.6.jar;d:\server\MavenRepository\maven_jar\org\apache\commons\commons-lang3\3.8.1\commons-lang3-3.8.1.jar;d:\server\MavenRepository\maven_jar\commons-io\commons-io\1.3.2\commons-io-1.3.2.jar;d:\server\MavenRepository\maven_jar\commons-net\commons-net\3.6\commons-net-3.6.jar;d:\server\MavenRepository\maven_jar\commons-lang\commons-lang\2.6\commons-lang-2.6.jar;d:\server\MavenRepository\maven_jar\joda-time\joda-time\2.10.1\joda-time-2.10.1.jar;d:\server\MavenRepository\maven_jar\org\apache\poi\poi\4.1.0\poi-4.1.0.jar;d:\server\MavenRepository\maven_jar\commons-codec\commons-codec\1.11\commons-codec-1.11.jar;d:\server\MavenRepository\maven_jar\org\apache\commons\commons-collections4\4.3\commons-collections4-4.3.jar;d:\server\MavenRepository\maven_jar\org\apache\commons\commons-math3\3.6.1\commons-math3-3.6.1.jar;d:\server\MavenRepository\maven_jar\org\apache\poi\poi-examples\4.1.0\poi-examples-4.1.0.jar;d:\server\MavenRepository\maven_jar\org\apache\poi\poi-excelant\4.1.0\poi-excelant-4.1.0.jar;d:\server\MavenRepository\maven_jar\org\apache\ant\ant\1.8.2\ant-1.8.2.jar;d:\server\MavenRepository\maven_jar\org\apache\ant\ant-launcher\1.8.2\ant-launcher-1.8.2.jar;d:\server\MavenRepository\maven_jar\org\apache\poi\poi-scratchpad\4.1.0\poi-scratchpad-4.1.0.jar;d:\server\MavenRepository\maven_jar\org\apache\poi\poi-ooxml\4.1.0\poi-ooxml-4.1.0.jar;d:\server\MavenRepository\maven_jar\org\apache\poi\poi-ooxml-schemas\4.1.0\poi-ooxml-schemas-4.1.0.jar;d:\server\MavenRepository\maven_jar\org\apache\xmlbeans\xmlbeans\3.1.0\xmlbeans-3.1.0.jar;d:\server\MavenRepository\maven_jar\org\apache\commons\commons-compress\1.18\commons-compress-1.18.jar;d:\server\MavenRepository\maven_jar\com\github\virtuald\curvesapi\1.06\curvesapi-1.06.jar;d:\server\MavenRepository\maven_jar\commons-fileupload\commons-fileupload\1.4\commons-fileupload-1.4.jar;d:\server\MavenRepository\maven_jar\com\aliyun\oss\aliyun-sdk-oss\3.4.2\aliyun-sdk-oss-3.4.2.jar;d:\server\MavenRepository\maven_jar\org\apache\httpcomponents\httpclient\4.5.6\httpclient-4.5.6.jar;d:\server\MavenRepository\maven_jar\org\apache\httpcomponents\httpcore\4.4.10\httpcore-4.4.10.jar;d:\server\MavenRepository\maven_jar\org\jdom\jdom\1.1\jdom-1.1.jar;d:\server\MavenRepository\maven_jar\org\codehaus\jettison\jettison\1.1\jettison-1.1.jar;d:\server\MavenRepository\maven_jar\stax\stax-api\1.0.1\stax-api-1.0.1.jar;d:\server\MavenRepository\maven_jar\com\aliyun\aliyun-java-sdk-core\3.4.0\aliyun-java-sdk-core-3.4.0.jar;d:\server\MavenRepository\maven_jar\com\aliyun\aliyun-java-sdk-ram\3.0.0\aliyun-java-sdk-ram-3.0.0.jar;d:\server\MavenRepository\maven_jar\com\aliyun\aliyun-java-sdk-sts\3.0.0\aliyun-java-sdk-sts-3.0.0.jar;d:\server\MavenRepository\maven_jar\com\aliyun\aliyun-java-sdk-ecs\4.2.0\aliyun-java-sdk-ecs-4.2.0.jar;d:\server\MavenRepository\maven_jar\org\aspectj\aspectjrt\1.8.9\aspectjrt-1.8.9.jar;"/>
    <property name="java.vm.vendor" value="Oracle Corporation"/>
    <property name="sun.arch.data.model" value="64"/>
    <property name="user.variant" value=""/>
    <property name="java.vendor.url" value="http://java.oracle.com/"/>
    <property name="user.timezone" value=""/>
    <property name="java.vm.specification.version" value="1.8"/>
    <property name="os.name" value="Windows 10"/>
    <property name="user.country" value="CN"/>
    <property name="sun.java.launcher" value="SUN_STANDARD"/>
    <property name="sun.boot.library.path" value="D:\Tomcatandjdk\jdk1.8.0_171\jre\bin"/>
    <property name="sun.java.command" value="C:\Users\18722\AppData\Local\Temp\surefire5214948184874964875\surefirebooter6568435383525834372.jar C:\Users\18722\AppData\Local\Temp\surefire5214948184874964875 2021-01-04T17-19-35_265-jvmRun1 surefire6780656713533782232tmp surefire_03076796584419936774tmp"/>
    <property name="surefire.test.class.path" value="D:\SpringCloud\predict\target\test-classes;D:\SpringCloud\predict\target\classes;d:\server\MavenRepository\maven_jar\org\springframework\boot\spring-boot-starter\2.0.6.RELEASE\spring-boot-starter-2.0.6.RELEASE.jar;d:\server\MavenRepository\maven_jar\org\springframework\boot\spring-boot\2.0.6.RELEASE\spring-boot-2.0.6.RELEASE.jar;d:\server\MavenRepository\maven_jar\org\springframework\boot\spring-boot-autoconfigure\2.0.6.RELEASE\spring-boot-autoconfigure-2.0.6.RELEASE.jar;d:\server\MavenRepository\maven_jar\javax\annotation\javax.annotation-api\1.3.2\javax.annotation-api-1.3.2.jar;d:\server\MavenRepository\maven_jar\org\springframework\spring-core\5.1.1.RELEASE\spring-core-5.1.1.RELEASE.jar;d:\server\MavenRepository\maven_jar\org\springframework\spring-jcl\5.1.1.RELEASE\spring-jcl-5.1.1.RELEASE.jar;d:\server\MavenRepository\maven_jar\org\yaml\snakeyaml\1.19\snakeyaml-1.19.jar;d:\server\MavenRepository\maven_jar\org\springframework\boot\spring-boot-starter-web\2.0.6.RELEASE\spring-boot-starter-web-2.0.6.RELEASE.jar;d:\server\MavenRepository\maven_jar\org\springframework\boot\spring-boot-starter-json\2.0.6.RELEASE\spring-boot-starter-json-2.0.6.RELEASE.jar;d:\server\MavenRepository\maven_jar\com\fasterxml\jackson\datatype\jackson-datatype-jdk8\2.9.8\jackson-datatype-jdk8-2.9.8.jar;d:\server\MavenRepository\maven_jar\com\fasterxml\jackson\datatype\jackson-datatype-jsr310\2.9.8\jackson-datatype-jsr310-2.9.8.jar;d:\server\MavenRepository\maven_jar\com\fasterxml\jackson\module\jackson-module-parameter-names\2.9.8\jackson-module-parameter-names-2.9.8.jar;d:\server\MavenRepository\maven_jar\org\springframework\boot\spring-boot-starter-tomcat\2.0.6.RELEASE\spring-boot-starter-tomcat-2.0.6.RELEASE.jar;d:\server\MavenRepository\maven_jar\org\apache\tomcat\embed\tomcat-embed-core\8.5.34\tomcat-embed-core-8.5.34.jar;d:\server\MavenRepository\maven_jar\org\apache\tomcat\embed\tomcat-embed-el\8.5.34\tomcat-embed-el-8.5.34.jar;d:\server\MavenRepository\maven_jar\org\apache\tomcat\embed\tomcat-embed-websocket\8.5.34\tomcat-embed-websocket-8.5.34.jar;d:\server\MavenRepository\maven_jar\org\hibernate\validator\hibernate-validator\6.0.13.Final\hibernate-validator-6.0.13.Final.jar;d:\server\MavenRepository\maven_jar\javax\validation\validation-api\2.0.1.Final\validation-api-2.0.1.Final.jar;d:\server\MavenRepository\maven_jar\org\jboss\logging\jboss-logging\3.3.2.Final\jboss-logging-3.3.2.Final.jar;d:\server\MavenRepository\maven_jar\com\fasterxml\classmate\1.3.4\classmate-1.3.4.jar;d:\server\MavenRepository\maven_jar\org\springframework\boot\spring-boot-starter-test\2.0.6.RELEASE\spring-boot-starter-test-2.0.6.RELEASE.jar;d:\server\MavenRepository\maven_jar\org\springframework\boot\spring-boot-test\2.0.6.RELEASE\spring-boot-test-2.0.6.RELEASE.jar;d:\server\MavenRepository\maven_jar\org\springframework\boot\spring-boot-test-autoconfigure\2.0.6.RELEASE\spring-boot-test-autoconfigure-2.0.6.RELEASE.jar;d:\server\MavenRepository\maven_jar\com\jayway\jsonpath\json-path\2.4.0\json-path-2.4.0.jar;d:\server\MavenRepository\maven_jar\net\minidev\json-smart\2.3\json-smart-2.3.jar;d:\server\MavenRepository\maven_jar\net\minidev\accessors-smart\1.2\accessors-smart-1.2.jar;d:\server\MavenRepository\maven_jar\org\ow2\asm\asm\5.0.4\asm-5.0.4.jar;d:\server\MavenRepository\maven_jar\org\assertj\assertj-core\3.9.1\assertj-core-3.9.1.jar;d:\server\MavenRepository\maven_jar\org\mockito\mockito-core\2.15.0\mockito-core-2.15.0.jar;d:\server\MavenRepository\maven_jar\net\bytebuddy\byte-buddy\1.7.11\byte-buddy-1.7.11.jar;d:\server\MavenRepository\maven_jar\net\bytebuddy\byte-buddy-agent\1.7.11\byte-buddy-agent-1.7.11.jar;d:\server\MavenRepository\maven_jar\org\objenesis\objenesis\2.6\objenesis-2.6.jar;d:\server\MavenRepository\maven_jar\org\hamcrest\hamcrest-core\1.3\hamcrest-core-1.3.jar;d:\server\MavenRepository\maven_jar\org\hamcrest\hamcrest-library\1.3\hamcrest-library-1.3.jar;d:\server\MavenRepository\maven_jar\org\skyscreamer\jsonassert\1.5.0\jsonassert-1.5.0.jar;d:\server\MavenRepository\maven_jar\com\vaadin\external\google\android-json\0.0.20131108.vaadin1\android-json-0.0.20131108.vaadin1.jar;d:\server\MavenRepository\maven_jar\org\springframework\spring-test\5.1.1.RELEASE\spring-test-5.1.1.RELEASE.jar;d:\server\MavenRepository\maven_jar\org\xmlunit\xmlunit-core\2.5.1\xmlunit-core-2.5.1.jar;d:\server\MavenRepository\maven_jar\org\springframework\boot\spring-boot-starter-freemarker\2.0.6.RELEASE\spring-boot-starter-freemarker-2.0.6.RELEASE.jar;d:\server\MavenRepository\maven_jar\org\freemarker\freemarker\2.3.28\freemarker-2.3.28.jar;d:\server\MavenRepository\maven_jar\technology\tabula\tabula\1.0.4\tabula-1.0.4.jar;d:\server\MavenRepository\maven_jar\org\locationtech\jts\jts-core\1.17.0\jts-core-1.17.0.jar;d:\server\MavenRepository\maven_jar\org\slf4j\slf4j-api\1.7.25\slf4j-api-1.7.25.jar;d:\server\MavenRepository\maven_jar\org\apache\pdfbox\pdfbox\2.0.21\pdfbox-2.0.21.jar;d:\server\MavenRepository\maven_jar\org\apache\pdfbox\fontbox\2.0.21\fontbox-2.0.21.jar;d:\server\MavenRepository\maven_jar\org\bouncycastle\bcprov-jdk15on\1.66\bcprov-jdk15on-1.66.jar;d:\server\MavenRepository\maven_jar\org\bouncycastle\bcmail-jdk15on\1.66\bcmail-jdk15on-1.66.jar;d:\server\MavenRepository\maven_jar\org\bouncycastle\bcpkix-jdk15on\1.66\bcpkix-jdk15on-1.66.jar;d:\server\MavenRepository\maven_jar\commons-cli\commons-cli\1.4\commons-cli-1.4.jar;d:\server\MavenRepository\maven_jar\org\apache\commons\commons-csv\1.8\commons-csv-1.8.jar;d:\server\MavenRepository\maven_jar\com\google\code\gson\gson\2.8.5\gson-2.8.5.jar;d:\server\MavenRepository\maven_jar\com\github\jai-imageio\jai-imageio-core\1.4.0\jai-imageio-core-1.4.0.jar;d:\server\MavenRepository\maven_jar\com\github\jai-imageio\jai-imageio-jpeg2000\1.3.0\jai-imageio-jpeg2000-1.3.0.jar;d:\server\MavenRepository\maven_jar\org\apache\pdfbox\jbig2-imageio\3.0.3\jbig2-imageio-3.0.3.jar;d:\server\MavenRepository\maven_jar\mysql\mysql-connector-java\8.0.13\mysql-connector-java-8.0.13.jar;d:\server\MavenRepository\maven_jar\com\google\protobuf\protobuf-java\3.6.1\protobuf-java-3.6.1.jar;d:\server\MavenRepository\maven_jar\org\springframework\boot\spring-boot-starter-jdbc\2.0.6.RELEASE\spring-boot-starter-jdbc-2.0.6.RELEASE.jar;d:\server\MavenRepository\maven_jar\com\zaxxer\HikariCP\2.7.9\HikariCP-2.7.9.jar;d:\server\MavenRepository\maven_jar\org\springframework\boot\spring-boot-starter-log4j2\2.1.5.RELEASE\spring-boot-starter-log4j2-2.1.5.RELEASE.jar;d:\server\MavenRepository\maven_jar\org\apache\logging\log4j\log4j-slf4j-impl\2.10.0\log4j-slf4j-impl-2.10.0.jar;d:\server\MavenRepository\maven_jar\org\apache\logging\log4j\log4j-api\2.10.0\log4j-api-2.10.0.jar;d:\server\MavenRepository\maven_jar\org\apache\logging\log4j\log4j-core\2.10.0\log4j-core-2.10.0.jar;d:\server\MavenRepository\maven_jar\org\apache\logging\log4j\log4j-jul\2.10.0\log4j-jul-2.10.0.jar;d:\server\MavenRepository\maven_jar\org\slf4j\jul-to-slf4j\1.7.25\jul-to-slf4j-1.7.25.jar;d:\server\MavenRepository\maven_jar\org\springframework\spring-context\5.1.1.RELEASE\spring-context-5.1.1.RELEASE.jar;d:\server\MavenRepository\maven_jar\org\springframework\spring-aop\5.1.1.RELEASE\spring-aop-5.1.1.RELEASE.jar;d:\server\MavenRepository\maven_jar\org\springframework\spring-expression\5.1.1.RELEASE\spring-expression-5.1.1.RELEASE.jar;d:\server\MavenRepository\maven_jar\org\springframework\spring-beans\5.1.1.RELEASE\spring-beans-5.1.1.RELEASE.jar;d:\server\MavenRepository\maven_jar\org\springframework\spring-webmvc\5.1.1.RELEASE\spring-webmvc-5.1.1.RELEASE.jar;d:\server\MavenRepository\maven_jar\org\springframework\spring-jdbc\5.1.1.RELEASE\spring-jdbc-5.1.1.RELEASE.jar;d:\server\MavenRepository\maven_jar\org\springframework\spring-tx\5.1.1.RELEASE\spring-tx-5.1.1.RELEASE.jar;d:\server\MavenRepository\maven_jar\org\springframework\spring-aspects\5.1.1.RELEASE\spring-aspects-5.1.1.RELEASE.jar;d:\server\MavenRepository\maven_jar\org\aspectj\aspectjweaver\1.8.13\aspectjweaver-1.8.13.jar;d:\server\MavenRepository\maven_jar\org\springframework\spring-context-support\5.1.1.RELEASE\spring-context-support-5.1.1.RELEASE.jar;d:\server\MavenRepository\maven_jar\org\springframework\spring-web\5.1.1.RELEASE\spring-web-5.1.1.RELEASE.jar;d:\server\MavenRepository\maven_jar\junit\junit\4.13-beta-2\junit-4.13-beta-2.jar;d:\server\MavenRepository\maven_jar\jstl\jstl\1.2\jstl-1.2.jar;d:\server\MavenRepository\maven_jar\javax\servlet\servlet-api\3.0-alpha-1\servlet-api-3.0-alpha-1.jar;d:\server\MavenRepository\maven_jar\javax\servlet\jsp-api\2.0\jsp-api-2.0.jar;d:\server\MavenRepository\maven_jar\com\fasterxml\jackson\core\jackson-databind\2.9.8\jackson-databind-2.9.8.jar;d:\server\MavenRepository\maven_jar\com\fasterxml\jackson\core\jackson-annotations\2.9.0\jackson-annotations-2.9.0.jar;d:\server\MavenRepository\maven_jar\com\fasterxml\jackson\core\jackson-core\2.9.8\jackson-core-2.9.8.jar;d:\server\MavenRepository\maven_jar\net\sf\json-lib\json-lib\2.4\json-lib-2.4-jdk15.jar;d:\server\MavenRepository\maven_jar\commons-beanutils\commons-beanutils\1.8.0\commons-beanutils-1.8.0.jar;d:\server\MavenRepository\maven_jar\commons-collections\commons-collections\3.2.1\commons-collections-3.2.1.jar;d:\server\MavenRepository\maven_jar\commons-logging\commons-logging\1.1.1\commons-logging-1.1.1.jar;d:\server\MavenRepository\maven_jar\net\sf\ezmorph\ezmorph\1.0.6\ezmorph-1.0.6.jar;d:\server\MavenRepository\maven_jar\org\apache\commons\commons-lang3\3.8.1\commons-lang3-3.8.1.jar;d:\server\MavenRepository\maven_jar\commons-io\commons-io\1.3.2\commons-io-1.3.2.jar;d:\server\MavenRepository\maven_jar\commons-net\commons-net\3.6\commons-net-3.6.jar;d:\server\MavenRepository\maven_jar\commons-lang\commons-lang\2.6\commons-lang-2.6.jar;d:\server\MavenRepository\maven_jar\joda-time\joda-time\2.10.1\joda-time-2.10.1.jar;d:\server\MavenRepository\maven_jar\org\apache\poi\poi\4.1.0\poi-4.1.0.jar;d:\server\MavenRepository\maven_jar\commons-codec\commons-codec\1.11\commons-codec-1.11.jar;d:\server\MavenRepository\maven_jar\org\apache\commons\commons-collections4\4.3\commons-collections4-4.3.jar;d:\server\MavenRepository\maven_jar\org\apache\commons\commons-math3\3.6.1\commons-math3-3.6.1.jar;d:\server\MavenRepository\maven_jar\org\apache\poi\poi-examples\4.1.0\poi-examples-4.1.0.jar;d:\server\MavenRepository\maven_jar\org\apache\poi\poi-excelant\4.1.0\poi-excelant-4.1.0.jar;d:\server\MavenRepository\maven_jar\org\apache\ant\ant\1.8.2\ant-1.8.2.jar;d:\server\MavenRepository\maven_jar\org\apache\ant\ant-launcher\1.8.2\ant-launcher-1.8.2.jar;d:\server\MavenRepository\maven_jar\org\apache\poi\poi-scratchpad\4.1.0\poi-scratchpad-4.1.0.jar;d:\server\MavenRepository\maven_jar\org\apache\poi\poi-ooxml\4.1.0\poi-ooxml-4.1.0.jar;d:\server\MavenRepository\maven_jar\org\apache\poi\poi-ooxml-schemas\4.1.0\poi-ooxml-schemas-4.1.0.jar;d:\server\MavenRepository\maven_jar\org\apache\xmlbeans\xmlbeans\3.1.0\xmlbeans-3.1.0.jar;d:\server\MavenRepository\maven_jar\org\apache\commons\commons-compress\1.18\commons-compress-1.18.jar;d:\server\MavenRepository\maven_jar\com\github\virtuald\curvesapi\1.06\curvesapi-1.06.jar;d:\server\MavenRepository\maven_jar\commons-fileupload\commons-fileupload\1.4\commons-fileupload-1.4.jar;d:\server\MavenRepository\maven_jar\com\aliyun\oss\aliyun-sdk-oss\3.4.2\aliyun-sdk-oss-3.4.2.jar;d:\server\MavenRepository\maven_jar\org\apache\httpcomponents\httpclient\4.5.6\httpclient-4.5.6.jar;d:\server\MavenRepository\maven_jar\org\apache\httpcomponents\httpcore\4.4.10\httpcore-4.4.10.jar;d:\server\MavenRepository\maven_jar\org\jdom\jdom\1.1\jdom-1.1.jar;d:\server\MavenRepository\maven_jar\org\codehaus\jettison\jettison\1.1\jettison-1.1.jar;d:\server\MavenRepository\maven_jar\stax\stax-api\1.0.1\stax-api-1.0.1.jar;d:\server\MavenRepository\maven_jar\com\aliyun\aliyun-java-sdk-core\3.4.0\aliyun-java-sdk-core-3.4.0.jar;d:\server\MavenRepository\maven_jar\com\aliyun\aliyun-java-sdk-ram\3.0.0\aliyun-java-sdk-ram-3.0.0.jar;d:\server\MavenRepository\maven_jar\com\aliyun\aliyun-java-sdk-sts\3.0.0\aliyun-java-sdk-sts-3.0.0.jar;d:\server\MavenRepository\maven_jar\com\aliyun\aliyun-java-sdk-ecs\4.2.0\aliyun-java-sdk-ecs-4.2.0.jar;d:\server\MavenRepository\maven_jar\org\aspectj\aspectjrt\1.8.9\aspectjrt-1.8.9.jar;"/>
    <property name="sun.cpu.endian" value="little"/>
    <property name="user.home" value="C:\Users\18722"/>
    <property name="user.language" value="zh"/>
    <property name="java.specification.vendor" value="Oracle Corporation"/>
    <property name="java.home" value="D:\Tomcatandjdk\jdk1.8.0_171\jre"/>
    <property name="basedir" value="D:\SpringCloud\predict"/>
    <property name="file.separator" value="\"/>
    <property name="line.separator" value="&#10;"/>
    <property name="java.vm.specification.vendor" value="Oracle Corporation"/>
    <property name="java.specification.name" value="Java Platform API Specification"/>
    <property name="java.awt.graphicsenv" value="sun.awt.Win32GraphicsEnvironment"/>
    <property name="surefire.real.class.path" value="C:\Users\18722\AppData\Local\Temp\surefire5214948184874964875\surefirebooter6568435383525834372.jar"/>
    <property name="sun.boot.class.path" value="D:\Tomcatandjdk\jdk1.8.0_171\jre\lib\resources.jar;D:\Tomcatandjdk\jdk1.8.0_171\jre\lib\rt.jar;D:\Tomcatandjdk\jdk1.8.0_171\jre\lib\sunrsasign.jar;D:\Tomcatandjdk\jdk1.8.0_171\jre\lib\jsse.jar;D:\Tomcatandjdk\jdk1.8.0_171\jre\lib\jce.jar;D:\Tomcatandjdk\jdk1.8.0_171\jre\lib\charsets.jar;D:\Tomcatandjdk\jdk1.8.0_171\jre\lib\jfr.jar;D:\Tomcatandjdk\jdk1.8.0_171\jre\classes"/>
    <property name="user.script" value=""/>
    <property name="sun.management.compiler" value="HotSpot 64-Bit Tiered Compilers"/>
    <property name="java.runtime.version" value="1.8.0_171-b11"/>
    <property name="user.name" value="18722"/>
    <property name="path.separator" value=";"/>
    <property name="os.version" value="10.0"/>
    <property name="java.endorsed.dirs" value="D:\Tomcatandjdk\jdk1.8.0_171\jre\lib\endorsed"/>
    <property name="java.runtime.name" value="Java(TM) SE Runtime Environment"/>
    <property name="file.encoding" value="GBK"/>
    <property name="java.vm.name" value="Java HotSpot(TM) 64-Bit Server VM"/>
    <property name="localRepository" value="d:\server\MavenRepository\maven_jar"/>
    <property name="java.vendor.url.bug" value="http://bugreport.sun.com/bugreport/"/>
    <property name="java.io.tmpdir" value="C:\Users\18722\AppData\Local\Temp\"/>
    <property name="idea.version" value="2018.1.7"/>
    <property name="java.version" value="1.8.0_171"/>
    <property name="user.dir" value="D:\SpringCloud\predict"/>
    <property name="os.arch" value="amd64"/>
    <property name="java.vm.specification.name" value="Java Virtual Machine Specification"/>
    <property name="java.awt.printerjob" value="sun.awt.windows.WPrinterJob"/>
    <property name="sun.os.patch.level" value=""/>
    <property name="java.library.path" value="D:\Tomcatandjdk\jdk1.8.0_171\jre\bin;C:\WINDOWS\Sun\Java\bin;C:\WINDOWS\system32;C:\WINDOWS;C:\Program Files\Common Files\Oracle\Java\javapath;D:\oracle\install\product\11.2.0\dbhome_1\bin;D:\client\admin\product\11.2.0\client_1\bin;C:\Program Files (x86)\Common Files\Oracle\Java\javapath;D:\Tomcatandjdk\jdk1.8.0_171\bin;D:\Tomcatandjdk\jdk1.8.0_171\jre\bin;D:\Maven\apache-maven-3.5.4a\bin;C:\Program Files (x86)\Intel\iCLS Client\;C:\Program Files\Intel\iCLS Client\;C:\WINDOWS\system32;C:\WINDOWS;C:\WINDOWS\System32\Wbem;C:\WINDOWS\System32\WindowsPowerShell\v1.0\;C:\Program Files (x86)\Intel\Intel(R) Management Engine Components\DAL;C:\Program Files\Intel\Intel(R) Management Engine Components\DAL;C:\Program Files (x86)\Intel\Intel(R) Management Engine Components\IPT;C:\Program Files\Intel\Intel(R) Management Engine Components\IPT;C:\WINDOWS\System32\OpenSSH\;D:\nodejs\node_global;D:\nodejs\;D:\TortoiseSVN\bin;D:\SlikSvn\bin;C:\Program Files\Intel\WiFi\bin\;C:\Program Files\Common Files\Intel\WirelessCommon\;D:\GitHub\Git\cmd;D:\TortoiseGit\bin;C:\Users\18722\AppData\Local\Microsoft\WindowsApps;D:\zip\;D:\nodejs\node_global;C:\Users\18722\AppData\Local\GitHubDesktop\bin;C:\Users\18722\AppData\Local\Microsoft\WindowsApps;;D:\VSCode\Microsoft VS Code\bin;."/>
    <property name="java.vm.info" value="mixed mode"/>
    <property name="java.vendor" value="Oracle Corporation"/>
    <property name="java.vm.version" value="25.171-b11"/>
    <property name="java.ext.dirs" value="D:\Tomcatandjdk\jdk1.8.0_171\jre\lib\ext;C:\WINDOWS\Sun\Java\lib\ext"/>
    <property name="sun.io.unicode.encoding" value="UnicodeLittle"/>
    <property name="java.class.version" value="52.0"/>
  </properties>
  <testcase name="bb" classname="cn.nzxxx.predict.PredictApplicationTests" time="0.256"/>
</testsuite>