<?xml version="1.0" encoding="UTF-8"?>
<testsuite xmlns:xsi="http://www.w3.org/2001/XMLSchema-instance" xsi:noNamespaceSchemaLocation="https://maven.apache.org/surefire/maven-surefire-plugin/xsd/surefire-test-report.xsd" name="cn.nzxxx.predict.PredictApplicationTests" time="8.539" tests="1" errors="0" skipped="0" failures="0">
  <properties>
    <property name="sun.desktop" value="windows"/>
    <property name="awt.toolkit" value="sun.awt.windows.WToolkit"/>
    <property name="file.encoding.pkg" value="sun.io"/>
    <property name="java.specification.version" value="1.8"/>
    <property name="sun.cpu.isalist" value="amd64"/>
    <property name="sun.jnu.encoding" value="GBK"/>
    <property name="java.class.path" value="D:\predict\target\test-classes;D:\predict\target\classes;d:\server\MavenRepository\maven_jar\org\springframework\boot\spring-boot-starter\2.1.0.RELEASE\spring-boot-starter-2.1.0.RELEASE.jar;d:\server\MavenRepository\maven_jar\org\springframework\boot\spring-boot\2.1.0.RELEASE\spring-boot-2.1.0.RELEASE.jar;d:\server\MavenRepository\maven_jar\org\springframework\spring-context\5.1.2.RELEASE\spring-context-5.1.2.RELEASE.jar;d:\server\MavenRepository\maven_jar\org\springframework\boot\spring-boot-autoconfigure\2.1.0.RELEASE\spring-boot-autoconfigure-2.1.0.RELEASE.jar;d:\server\MavenRepository\maven_jar\org\springframework\boot\spring-boot-starter-logging\2.1.0.RELEASE\spring-boot-starter-logging-2.1.0.RELEASE.jar;d:\server\MavenRepository\maven_jar\ch\qos\logback\logback-classic\1.2.3\logback-classic-1.2.3.jar;d:\server\MavenRepository\maven_jar\ch\qos\logback\logback-core\1.2.3\logback-core-1.2.3.jar;d:\server\MavenRepository\maven_jar\org\apache\logging\log4j\log4j-to-slf4j\2.11.1\log4j-to-slf4j-2.11.1.jar;d:\server\MavenRepository\maven_jar\org\apache\logging\log4j\log4j-api\2.11.1\log4j-api-2.11.1.jar;d:\server\MavenRepository\maven_jar\org\slf4j\jul-to-slf4j\1.7.25\jul-to-slf4j-1.7.25.jar;d:\server\MavenRepository\maven_jar\javax\annotation\javax.annotation-api\1.3.2\javax.annotation-api-1.3.2.jar;d:\server\MavenRepository\maven_jar\org\springframework\spring-core\5.1.2.RELEASE\spring-core-5.1.2.RELEASE.jar;d:\server\MavenRepository\maven_jar\org\springframework\spring-jcl\5.1.2.RELEASE\spring-jcl-5.1.2.RELEASE.jar;d:\server\MavenRepository\maven_jar\org\yaml\snakeyaml\1.23\snakeyaml-1.23.jar;d:\server\MavenRepository\maven_jar\org\springframework\boot\spring-boot-starter-web\2.1.0.RELEASE\spring-boot-starter-web-2.1.0.RELEASE.jar;d:\server\MavenRepository\maven_jar\org\springframework\boot\spring-boot-starter-json\2.1.0.RELEASE\spring-boot-starter-json-2.1.0.RELEASE.jar;d:\server\MavenRepository\maven_jar\com\fasterxml\jackson\core\jackson-databind\2.9.7\jackson-databind-2.9.7.jar;d:\server\MavenRepository\maven_jar\com\fasterxml\jackson\core\jackson-annotations\2.9.0\jackson-annotations-2.9.0.jar;d:\server\MavenRepository\maven_jar\com\fasterxml\jackson\core\jackson-core\2.9.7\jackson-core-2.9.7.jar;d:\server\MavenRepository\maven_jar\com\fasterxml\jackson\datatype\jackson-datatype-jdk8\2.9.7\jackson-datatype-jdk8-2.9.7.jar;d:\server\MavenRepository\maven_jar\com\fasterxml\jackson\datatype\jackson-datatype-jsr310\2.9.7\jackson-datatype-jsr310-2.9.7.jar;d:\server\MavenRepository\maven_jar\com\fasterxml\jackson\module\jackson-module-parameter-names\2.9.7\jackson-module-parameter-names-2.9.7.jar;d:\server\MavenRepository\maven_jar\org\springframework\boot\spring-boot-starter-tomcat\2.1.0.RELEASE\spring-boot-starter-tomcat-2.1.0.RELEASE.jar;d:\server\MavenRepository\maven_jar\org\apache\tomcat\embed\tomcat-embed-core\9.0.12\tomcat-embed-core-9.0.12.jar;d:\server\MavenRepository\maven_jar\org\apache\tomcat\embed\tomcat-embed-el\9.0.12\tomcat-embed-el-9.0.12.jar;d:\server\MavenRepository\maven_jar\org\apache\tomcat\embed\tomcat-embed-websocket\9.0.12\tomcat-embed-websocket-9.0.12.jar;d:\server\MavenRepository\maven_jar\org\hibernate\validator\hibernate-validator\6.0.13.Final\hibernate-validator-6.0.13.Final.jar;d:\server\MavenRepository\maven_jar\javax\validation\validation-api\2.0.1.Final\validation-api-2.0.1.Final.jar;d:\server\MavenRepository\maven_jar\org\jboss\logging\jboss-logging\3.3.2.Final\jboss-logging-3.3.2.Final.jar;d:\server\MavenRepository\maven_jar\com\fasterxml\classmate\1.4.0\classmate-1.4.0.jar;d:\server\MavenRepository\maven_jar\org\springframework\spring-web\5.1.2.RELEASE\spring-web-5.1.2.RELEASE.jar;d:\server\MavenRepository\maven_jar\org\springframework\spring-beans\5.1.2.RELEASE\spring-beans-5.1.2.RELEASE.jar;d:\server\MavenRepository\maven_jar\org\springframework\spring-webmvc\5.1.2.RELEASE\spring-webmvc-5.1.2.RELEASE.jar;d:\server\MavenRepository\maven_jar\org\springframework\spring-aop\5.1.2.RELEASE\spring-aop-5.1.2.RELEASE.jar;d:\server\MavenRepository\maven_jar\org\springframework\spring-expression\5.1.2.RELEASE\spring-expression-5.1.2.RELEASE.jar;d:\server\MavenRepository\maven_jar\org\springframework\boot\spring-boot-starter-actuator\2.1.0.RELEASE\spring-boot-starter-actuator-2.1.0.RELEASE.jar;d:\server\MavenRepository\maven_jar\org\springframework\boot\spring-boot-actuator-autoconfigure\2.1.0.RELEASE\spring-boot-actuator-autoconfigure-2.1.0.RELEASE.jar;d:\server\MavenRepository\maven_jar\org\springframework\boot\spring-boot-actuator\2.1.0.RELEASE\spring-boot-actuator-2.1.0.RELEASE.jar;d:\server\MavenRepository\maven_jar\io\micrometer\micrometer-core\1.1.0\micrometer-core-1.1.0.jar;d:\server\MavenRepository\maven_jar\org\hdrhistogram\HdrHistogram\2.1.9\HdrHistogram-2.1.9.jar;d:\server\MavenRepository\maven_jar\org\latencyutils\LatencyUtils\2.0.3\LatencyUtils-2.0.3.jar;d:\server\MavenRepository\maven_jar\org\springframework\boot\spring-boot-starter-test\2.1.0.RELEASE\spring-boot-starter-test-2.1.0.RELEASE.jar;d:\server\MavenRepository\maven_jar\org\springframework\boot\spring-boot-test\2.1.0.RELEASE\spring-boot-test-2.1.0.RELEASE.jar;d:\server\MavenRepository\maven_jar\org\springframework\boot\spring-boot-test-autoconfigure\2.1.0.RELEASE\spring-boot-test-autoconfigure-2.1.0.RELEASE.jar;d:\server\MavenRepository\maven_jar\com\jayway\jsonpath\json-path\2.4.0\json-path-2.4.0.jar;d:\server\MavenRepository\maven_jar\net\minidev\json-smart\2.3\json-smart-2.3.jar;d:\server\MavenRepository\maven_jar\net\minidev\accessors-smart\1.2\accessors-smart-1.2.jar;d:\server\MavenRepository\maven_jar\org\ow2\asm\asm\5.0.4\asm-5.0.4.jar;d:\server\MavenRepository\maven_jar\org\slf4j\slf4j-api\1.7.25\slf4j-api-1.7.25.jar;d:\server\MavenRepository\maven_jar\junit\junit\4.12\junit-4.12.jar;d:\server\MavenRepository\maven_jar\org\assertj\assertj-core\3.11.1\assertj-core-3.11.1.jar;d:\server\MavenRepository\maven_jar\org\mockito\mockito-core\2.23.0\mockito-core-2.23.0.jar;d:\server\MavenRepository\maven_jar\net\bytebuddy\byte-buddy\1.9.3\byte-buddy-1.9.3.jar;d:\server\MavenRepository\maven_jar\net\bytebuddy\byte-buddy-agent\1.9.3\byte-buddy-agent-1.9.3.jar;d:\server\MavenRepository\maven_jar\org\objenesis\objenesis\2.6\objenesis-2.6.jar;d:\server\MavenRepository\maven_jar\org\hamcrest\hamcrest-core\1.3\hamcrest-core-1.3.jar;d:\server\MavenRepository\maven_jar\org\hamcrest\hamcrest-library\1.3\hamcrest-library-1.3.jar;d:\server\MavenRepository\maven_jar\org\skyscreamer\jsonassert\1.5.0\jsonassert-1.5.0.jar;d:\server\MavenRepository\maven_jar\com\vaadin\external\google\android-json\0.0.20131108.vaadin1\android-json-0.0.20131108.vaadin1.jar;d:\server\MavenRepository\maven_jar\org\springframework\spring-test\5.1.2.RELEASE\spring-test-5.1.2.RELEASE.jar;d:\server\MavenRepository\maven_jar\org\xmlunit\xmlunit-core\2.6.2\xmlunit-core-2.6.2.jar;"/>
    <property name="java.vm.vendor" value="Oracle Corporation"/>
    <property name="sun.arch.data.model" value="64"/>
    <property name="user.variant" value=""/>
    <property name="java.vendor.url" value="http://java.oracle.com/"/>
    <property name="user.timezone" value="Asia/Shanghai"/>
    <property name="java.vm.specification.version" value="1.8"/>
    <property name="os.name" value="Windows 10"/>
    <property name="user.country" value="CN"/>
    <property name="sun.java.launcher" value="SUN_STANDARD"/>
    <property name="sun.boot.library.path" value="D:\Tomcatandjdk\jdk1.8.0_171\jre\bin"/>
    <property name="sun.java.command" value="C:\Users\18722\AppData\Local\Temp\surefire7157742156550040219\surefirebooter3717808574777733224.jar C:\Users\18722\AppData\Local\Temp\surefire7157742156550040219 2018-11-29T09-08-54_128-jvmRun1 surefire5319088653391046282tmp surefire_03210531416926471950tmp"/>
    <property name="surefire.test.class.path" value="D:\predict\target\test-classes;D:\predict\target\classes;d:\server\MavenRepository\maven_jar\org\springframework\boot\spring-boot-starter\2.1.0.RELEASE\spring-boot-starter-2.1.0.RELEASE.jar;d:\server\MavenRepository\maven_jar\org\springframework\boot\spring-boot\2.1.0.RELEASE\spring-boot-2.1.0.RELEASE.jar;d:\server\MavenRepository\maven_jar\org\springframework\spring-context\5.1.2.RELEASE\spring-context-5.1.2.RELEASE.jar;d:\server\MavenRepository\maven_jar\org\springframework\boot\spring-boot-autoconfigure\2.1.0.RELEASE\spring-boot-autoconfigure-2.1.0.RELEASE.jar;d:\server\MavenRepository\maven_jar\org\springframework\boot\spring-boot-starter-logging\2.1.0.RELEASE\spring-boot-starter-logging-2.1.0.RELEASE.jar;d:\server\MavenRepository\maven_jar\ch\qos\logback\logback-classic\1.2.3\logback-classic-1.2.3.jar;d:\server\MavenRepository\maven_jar\ch\qos\logback\logback-core\1.2.3\logback-core-1.2.3.jar;d:\server\MavenRepository\maven_jar\org\apache\logging\log4j\log4j-to-slf4j\2.11.1\log4j-to-slf4j-2.11.1.jar;d:\server\MavenRepository\maven_jar\org\apache\logging\log4j\log4j-api\2.11.1\log4j-api-2.11.1.jar;d:\server\MavenRepository\maven_jar\org\slf4j\jul-to-slf4j\1.7.25\jul-to-slf4j-1.7.25.jar;d:\server\MavenRepository\maven_jar\javax\annotation\javax.annotation-api\1.3.2\javax.annotation-api-1.3.2.jar;d:\server\MavenRepository\maven_jar\org\springframework\spring-core\5.1.2.RELEASE\spring-core-5.1.2.RELEASE.jar;d:\server\MavenRepository\maven_jar\org\springframework\spring-jcl\5.1.2.RELEASE\spring-jcl-5.1.2.RELEASE.jar;d:\server\MavenRepository\maven_jar\org\yaml\snakeyaml\1.23\snakeyaml-1.23.jar;d:\server\MavenRepository\maven_jar\org\springframework\boot\spring-boot-starter-web\2.1.0.RELEASE\spring-boot-starter-web-2.1.0.RELEASE.jar;d:\server\MavenRepository\maven_jar\org\springframework\boot\spring-boot-starter-json\2.1.0.RELEASE\spring-boot-starter-json-2.1.0.RELEASE.jar;d:\server\MavenRepository\maven_jar\com\fasterxml\jackson\core\jackson-databind\2.9.7\jackson-databind-2.9.7.jar;d:\server\MavenRepository\maven_jar\com\fasterxml\jackson\core\jackson-annotations\2.9.0\jackson-annotations-2.9.0.jar;d:\server\MavenRepository\maven_jar\com\fasterxml\jackson\core\jackson-core\2.9.7\jackson-core-2.9.7.jar;d:\server\MavenRepository\maven_jar\com\fasterxml\jackson\datatype\jackson-datatype-jdk8\2.9.7\jackson-datatype-jdk8-2.9.7.jar;d:\server\MavenRepository\maven_jar\com\fasterxml\jackson\datatype\jackson-datatype-jsr310\2.9.7\jackson-datatype-jsr310-2.9.7.jar;d:\server\MavenRepository\maven_jar\com\fasterxml\jackson\module\jackson-module-parameter-names\2.9.7\jackson-module-parameter-names-2.9.7.jar;d:\server\MavenRepository\maven_jar\org\springframework\boot\spring-boot-starter-tomcat\2.1.0.RELEASE\spring-boot-starter-tomcat-2.1.0.RELEASE.jar;d:\server\MavenRepository\maven_jar\org\apache\tomcat\embed\tomcat-embed-core\9.0.12\tomcat-embed-core-9.0.12.jar;d:\server\MavenRepository\maven_jar\org\apache\tomcat\embed\tomcat-embed-el\9.0.12\tomcat-embed-el-9.0.12.jar;d:\server\MavenRepository\maven_jar\org\apache\tomcat\embed\tomcat-embed-websocket\9.0.12\tomcat-embed-websocket-9.0.12.jar;d:\server\MavenRepository\maven_jar\org\hibernate\validator\hibernate-validator\6.0.13.Final\hibernate-validator-6.0.13.Final.jar;d:\server\MavenRepository\maven_jar\javax\validation\validation-api\2.0.1.Final\validation-api-2.0.1.Final.jar;d:\server\MavenRepository\maven_jar\org\jboss\logging\jboss-logging\3.3.2.Final\jboss-logging-3.3.2.Final.jar;d:\server\MavenRepository\maven_jar\com\fasterxml\classmate\1.4.0\classmate-1.4.0.jar;d:\server\MavenRepository\maven_jar\org\springframework\spring-web\5.1.2.RELEASE\spring-web-5.1.2.RELEASE.jar;d:\server\MavenRepository\maven_jar\org\springframework\spring-beans\5.1.2.RELEASE\spring-beans-5.1.2.RELEASE.jar;d:\server\MavenRepository\maven_jar\org\springframework\spring-webmvc\5.1.2.RELEASE\spring-webmvc-5.1.2.RELEASE.jar;d:\server\MavenRepository\maven_jar\org\springframework\spring-aop\5.1.2.RELEASE\spring-aop-5.1.2.RELEASE.jar;d:\server\MavenRepository\maven_jar\org\springframework\spring-expression\5.1.2.RELEASE\spring-expression-5.1.2.RELEASE.jar;d:\server\MavenRepository\maven_jar\org\springframework\boot\spring-boot-starter-actuator\2.1.0.RELEASE\spring-boot-starter-actuator-2.1.0.RELEASE.jar;d:\server\MavenRepository\maven_jar\org\springframework\boot\spring-boot-actuator-autoconfigure\2.1.0.RELEASE\spring-boot-actuator-autoconfigure-2.1.0.RELEASE.jar;d:\server\MavenRepository\maven_jar\org\springframework\boot\spring-boot-actuator\2.1.0.RELEASE\spring-boot-actuator-2.1.0.RELEASE.jar;d:\server\MavenRepository\maven_jar\io\micrometer\micrometer-core\1.1.0\micrometer-core-1.1.0.jar;d:\server\MavenRepository\maven_jar\org\hdrhistogram\HdrHistogram\2.1.9\HdrHistogram-2.1.9.jar;d:\server\MavenRepository\maven_jar\org\latencyutils\LatencyUtils\2.0.3\LatencyUtils-2.0.3.jar;d:\server\MavenRepository\maven_jar\org\springframework\boot\spring-boot-starter-test\2.1.0.RELEASE\spring-boot-starter-test-2.1.0.RELEASE.jar;d:\server\MavenRepository\maven_jar\org\springframework\boot\spring-boot-test\2.1.0.RELEASE\spring-boot-test-2.1.0.RELEASE.jar;d:\server\MavenRepository\maven_jar\org\springframework\boot\spring-boot-test-autoconfigure\2.1.0.RELEASE\spring-boot-test-autoconfigure-2.1.0.RELEASE.jar;d:\server\MavenRepository\maven_jar\com\jayway\jsonpath\json-path\2.4.0\json-path-2.4.0.jar;d:\server\MavenRepository\maven_jar\net\minidev\json-smart\2.3\json-smart-2.3.jar;d:\server\MavenRepository\maven_jar\net\minidev\accessors-smart\1.2\accessors-smart-1.2.jar;d:\server\MavenRepository\maven_jar\org\ow2\asm\asm\5.0.4\asm-5.0.4.jar;d:\server\MavenRepository\maven_jar\org\slf4j\slf4j-api\1.7.25\slf4j-api-1.7.25.jar;d:\server\MavenRepository\maven_jar\junit\junit\4.12\junit-4.12.jar;d:\server\MavenRepository\maven_jar\org\assertj\assertj-core\3.11.1\assertj-core-3.11.1.jar;d:\server\MavenRepository\maven_jar\org\mockito\mockito-core\2.23.0\mockito-core-2.23.0.jar;d:\server\MavenRepository\maven_jar\net\bytebuddy\byte-buddy\1.9.3\byte-buddy-1.9.3.jar;d:\server\MavenRepository\maven_jar\net\bytebuddy\byte-buddy-agent\1.9.3\byte-buddy-agent-1.9.3.jar;d:\server\MavenRepository\maven_jar\org\objenesis\objenesis\2.6\objenesis-2.6.jar;d:\server\MavenRepository\maven_jar\org\hamcrest\hamcrest-core\1.3\hamcrest-core-1.3.jar;d:\server\MavenRepository\maven_jar\org\hamcrest\hamcrest-library\1.3\hamcrest-library-1.3.jar;d:\server\MavenRepository\maven_jar\org\skyscreamer\jsonassert\1.5.0\jsonassert-1.5.0.jar;d:\server\MavenRepository\maven_jar\com\vaadin\external\google\android-json\0.0.20131108.vaadin1\android-json-0.0.20131108.vaadin1.jar;d:\server\MavenRepository\maven_jar\org\springframework\spring-test\5.1.2.RELEASE\spring-test-5.1.2.RELEASE.jar;d:\server\MavenRepository\maven_jar\org\xmlunit\xmlunit-core\2.6.2\xmlunit-core-2.6.2.jar;"/>
    <property name="sun.cpu.endian" value="little"/>
    <property name="user.home" value="C:\Users\18722"/>
    <property name="user.language" value="zh"/>
    <property name="java.specification.vendor" value="Oracle Corporation"/>
    <property name="java.home" value="D:\Tomcatandjdk\jdk1.8.0_171\jre"/>
    <property name="basedir" value="D:\predict"/>
    <property name="file.separator" value="\"/>
    <property name="line.separator" value="&#10;"/>
    <property name="java.vm.specification.vendor" value="Oracle Corporation"/>
    <property name="java.specification.name" value="Java Platform API Specification"/>
    <property name="java.awt.graphicsenv" value="sun.awt.Win32GraphicsEnvironment"/>
    <property name="surefire.real.class.path" value="C:\Users\18722\AppData\Local\Temp\surefire7157742156550040219\surefirebooter3717808574777733224.jar"/>
    <property name="sun.boot.class.path" value="D:\Tomcatandjdk\jdk1.8.0_171\jre\lib\resources.jar;D:\Tomcatandjdk\jdk1.8.0_171\jre\lib\rt.jar;D:\Tomcatandjdk\jdk1.8.0_171\jre\lib\sunrsasign.jar;D:\Tomcatandjdk\jdk1.8.0_171\jre\lib\jsse.jar;D:\Tomcatandjdk\jdk1.8.0_171\jre\lib\jce.jar;D:\Tomcatandjdk\jdk1.8.0_171\jre\lib\charsets.jar;D:\Tomcatandjdk\jdk1.8.0_171\jre\lib\jfr.jar;D:\Tomcatandjdk\jdk1.8.0_171\jre\classes"/>
    <property name="user.script" value=""/>
    <property name="sun.management.compiler" value="HotSpot 64-Bit Tiered Compilers"/>
    <property name="java.runtime.version" value="1.8.0_171-b11"/>
    <property name="user.name" value="18722"/>
    <property name="path.separator" value=";"/>
    <property name="os.version" value="10.0"/>
    <property name="java.endorsed.dirs" value="D:\Tomcatandjdk\jdk1.8.0_171\jre\lib\endorsed"/>
    <property name="java.runtime.name" value="Java(TM) SE Runtime Environment"/>
    <property name="file.encoding" value="GBK"/>
    <property name="java.vm.name" value="Java HotSpot(TM) 64-Bit Server VM"/>
    <property name="localRepository" value="d:\server\MavenRepository\maven_jar"/>
    <property name="java.vendor.url.bug" value="http://bugreport.sun.com/bugreport/"/>
    <property name="java.io.tmpdir" value="C:\Users\18722\AppData\Local\Temp\"/>
    <property name="java.version" value="1.8.0_171"/>
    <property name="user.dir" value="D:\predict"/>
    <property name="os.arch" value="amd64"/>
    <property name="java.vm.specification.name" value="Java Virtual Machine Specification"/>
    <property name="java.awt.printerjob" value="sun.awt.windows.WPrinterJob"/>
    <property name="sun.os.patch.level" value=""/>
    <property name="java.library.path" value="D:\Tomcatandjdk\jdk1.8.0_171\jre\bin;C:\WINDOWS\Sun\Java\bin;C:\WINDOWS\system32;C:\WINDOWS;C:\Program Files (x86)\Common Files\Oracle\Java\javapath;D:\Tomcatandjdk\jdk1.8.0_171\bin;D:\Tomcatandjdk\jdk1.8.0_171\jre\bin;D:\Maven\apache-maven-3.5.4a\bin;C:\Program Files (x86)\Intel\iCLS Client\;C:\Program Files\Intel\iCLS Client\;C:\WINDOWS\system32;C:\WINDOWS;C:\WINDOWS\System32\Wbem;C:\WINDOWS\System32\WindowsPowerShell\v1.0\;C:\Program Files (x86)\Intel\Intel(R) Management Engine Components\DAL;C:\Program Files\Intel\Intel(R) Management Engine Components\DAL;C:\Program Files (x86)\Intel\Intel(R) Management Engine Components\IPT;C:\Program Files\Intel\Intel(R) Management Engine Components\IPT;C:\WINDOWS\System32\OpenSSH\;D:\nodejs\node_global;D:\nodejs\;C:\Program Files\Intel\WiFi\bin\;C:\Program Files\Common Files\Intel\WirelessCommon\;D:\TortoiseSVN\bin;D:\GitHub\Git\cmd;C:\Users\18722\AppData\Local\Microsoft\WindowsApps;D:\zip\;D:\nodejs\node_global;C:\Users\18722\AppData\Local\GitHubDesktop\bin;."/>
    <property name="java.vm.info" value="mixed mode"/>
    <property name="java.vendor" value="Oracle Corporation"/>
    <property name="java.vm.version" value="25.171-b11"/>
    <property name="java.ext.dirs" value="D:\Tomcatandjdk\jdk1.8.0_171\jre\lib\ext;C:\WINDOWS\Sun\Java\lib\ext"/>
    <property name="sun.io.unicode.encoding" value="UnicodeLittle"/>
    <property name="java.class.version" value="52.0"/>
  </properties>
  <testcase name="getAccount" classname="cn.nzxxx.predict.PredictApplicationTests" time="0.417"/>
</testsuite>